<?xml version="1.0" encoding="UTF-8"?>
<testng-results skipped="0" failed="0" total="1" passed="1">
  <reporter-output>
  </reporter-output>
  <suite name="Suite" duration-ms="139609" started-at="2017-10-28T03:50:00Z" finished-at="2017-10-28T03:52:19Z">
    <groups>
      <group name="cucumber">
        <method signature="AbstractTestNGCucumberTests.feature(cucumber.api.testng.CucumberFeatureWrapper)[pri:0, instance:com.Cucumber.framework.runner.OrangeHRMSignInFeatureRunner@16c48ac]" name="feature" class="cucumber.api.testng.AbstractTestNGCucumberTests"/>
      </group> <!-- cucumber -->
    </groups>
    <test name="Test - 1" duration-ms="139609" started-at="2017-10-28T03:50:00Z" finished-at="2017-10-28T03:52:19Z">
      <class name="com.Cucumber.framework.runner.OrangeHRMSignInFeatureRunner">
        <test-method status="PASS" signature="setUpClass()[pri:0, instance:com.Cucumber.framework.runner.OrangeHRMSignInFeatureRunner@16c48ac]" name="setUpClass" is-config="true" duration-ms="880" started-at="2017-10-28T09:20:00Z" finished-at="2017-10-28T09:20:00Z">
          <reporter-output>
          </reporter-output>
        </test-method> <!-- setUpClass -->
        <test-method status="PASS" signature="feature(cucumber.api.testng.CucumberFeatureWrapper)[pri:0, instance:com.Cucumber.framework.runner.OrangeHRMSignInFeatureRunner@16c48ac]" name="feature" duration-ms="138382" started-at="2017-10-28T09:20:01Z" description="Runs Cucumber Feature" data-provider="features" finished-at="2017-10-28T09:22:19Z">
          <params>
            <param index="0">
              <value>
                <![CDATA[Login to OrangeHRM]]>
              </value>
            </param>
          </params>
          <reporter-output>
          </reporter-output>
        </test-method> <!-- feature -->
        <test-method status="PASS" signature="tearDownClass()[pri:0, instance:com.Cucumber.framework.runner.OrangeHRMSignInFeatureRunner@16c48ac]" name="tearDownClass" is-config="true" duration-ms="34" started-at="2017-10-28T09:22:19Z" finished-at="2017-10-28T09:22:19Z">
          <reporter-output>
          </reporter-output>
        </test-method> <!-- tearDownClass -->
      </class> <!-- com.Cucumber.framework.runner.OrangeHRMSignInFeatureRunner -->
    </test> <!-- Test - 1 -->
  </suite> <!-- Suite -->
</testng-results>
