<?xml version="1.0" encoding="UTF-8"?>
<testng-results skipped="0" failed="0" total="1" passed="1">
  <reporter-output>
  </reporter-output>
  <suite name="Suite" duration-ms="1629" started-at="2017-10-12T16:51:28Z" finished-at="2017-10-12T16:51:30Z">
    <groups>
      <group name="cucumber">
        <method signature="AbstractTestNGCucumberTests.feature(cucumber.api.testng.CucumberFeatureWrapper)[pri:0, instance:com.Cucumber.framework.runner.FacebookLoginFeatureRunner@16c48ac]" name="feature" class="cucumber.api.testng.AbstractTestNGCucumberTests"/>
      </group> <!-- cucumber -->
    </groups>
    <test name="Test - 1" duration-ms="1629" started-at="2017-10-12T16:51:28Z" finished-at="2017-10-12T16:51:30Z">
      <class name="com.Cucumber.framework.runner.FacebookLoginFeatureRunner">
        <test-method status="PASS" signature="setUpClass()[pri:0, instance:com.Cucumber.framework.runner.FacebookLoginFeatureRunner@16c48ac]" name="setUpClass" is-config="true" duration-ms="987" started-at="2017-10-12T22:21:28Z" finished-at="2017-10-12T22:21:29Z">
          <reporter-output>
          </reporter-output>
        </test-method> <!-- setUpClass -->
        <test-method status="PASS" signature="feature(cucumber.api.testng.CucumberFeatureWrapper)[pri:0, instance:com.Cucumber.framework.runner.FacebookLoginFeatureRunner@16c48ac]" name="feature" duration-ms="46" started-at="2017-10-12T22:21:30Z" description="Runs Cucumber Feature" data-provider="features" finished-at="2017-10-12T22:21:30Z">
          <params>
            <param index="0">
              <value>
                <![CDATA[Login to facebook]]>
              </value>
            </param>
          </params>
          <reporter-output>
          </reporter-output>
        </test-method> <!-- feature -->
        <test-method status="PASS" signature="tearDownClass()[pri:0, instance:com.Cucumber.framework.runner.FacebookLoginFeatureRunner@16c48ac]" name="tearDownClass" is-config="true" duration-ms="49" started-at="2017-10-12T22:21:30Z" finished-at="2017-10-12T22:21:30Z">
          <reporter-output>
          </reporter-output>
        </test-method> <!-- tearDownClass -->
      </class> <!-- com.Cucumber.framework.runner.FacebookLoginFeatureRunner -->
    </test> <!-- Test - 1 -->
  </suite> <!-- Suite -->
</testng-results>
